2025-08-15T13:56:13.134+05:30  INFO 20852 --- [NotificationService] [restartedMain] [                                                 ] c.n.w.NotificationServiceApplication     : Starting NotificationServiceApplication using Java 21.0.7 with PID 20852 (C:\Users\Nikhila Kadaveru\eclipse-workspace\BloodDonarProject\NotificationService\target\classes started by Nikhila Kadaveru in C:\Users\Nikhila Kadaveru\eclipse-workspace\BloodDonarProject\NotificationService)
2025-08-15T13:56:13.147+05:30  INFO 20852 --- [NotificationService] [restartedMain] [                                                 ] c.n.w.NotificationServiceApplication     : No active profile set, falling back to 1 default profile: "default"
2025-08-15T13:56:13.270+05:30  INFO 20852 --- [NotificationService] [restartedMain] [                                                 ] o.s.c.c.c.ConfigServerConfigDataLoader   : Fetching config from server at : http://localhost:9091
2025-08-15T13:56:13.271+05:30  INFO 20852 --- [NotificationService] [restartedMain] [                                                 ] o.s.c.c.c.ConfigServerConfigDataLoader   : Located environment: name=NotificationService, profiles=[default], label=null, version=96800b8590db13d3e98a8c6becc9c5a26d8514aa, state=
2025-08-15T13:56:13.275+05:30  INFO 20852 --- [NotificationService] [restartedMain] [                                                 ] .e.DevToolsPropertyDefaultsPostProcessor : Devtools property defaults active! Set 'spring.devtools.add-properties' to 'false' to disable
2025-08-15T13:56:13.275+05:30  INFO 20852 --- [NotificationService] [restartedMain] [                                                 ] .e.DevToolsPropertyDefaultsPostProcessor : For additional web related logging consider setting the 'logging.level.web' property to 'DEBUG'
2025-08-15T13:56:16.557+05:30  INFO 20852 --- [NotificationService] [restartedMain] [                                                 ] .s.d.r.c.RepositoryConfigurationDelegate : Bootstrapping Spring Data JPA repositories in DEFAULT mode.
2025-08-15T13:56:16.872+05:30  INFO 20852 --- [NotificationService] [restartedMain] [                                                 ] .s.d.r.c.RepositoryConfigurationDelegate : Finished Spring Data repository scanning in 298 ms. Found 1 JPA repository interface.
2025-08-15T13:56:17.744+05:30  INFO 20852 --- [NotificationService] [restartedMain] [                                                 ] o.s.cloud.context.scope.GenericScope     : BeanFactory id=afd9691c-06fb-36f4-bc19-814147b6117f
2025-08-15T13:56:20.639+05:30  INFO 20852 --- [NotificationService] [restartedMain] [                                                 ] o.s.b.w.embedded.tomcat.TomcatWebServer  : Tomcat initialized with port 9096 (http)
2025-08-15T13:56:20.679+05:30  INFO 20852 --- [NotificationService] [restartedMain] [                                                 ] o.apache.catalina.core.StandardService   : Starting service [Tomcat]
2025-08-15T13:56:20.680+05:30  INFO 20852 --- [NotificationService] [restartedMain] [                                                 ] o.apache.catalina.core.StandardEngine    : Starting Servlet engine: [Apache Tomcat/10.1.43]
2025-08-15T13:56:20.856+05:30  INFO 20852 --- [NotificationService] [restartedMain] [                                                 ] o.a.c.c.C.[Tomcat].[localhost].[/]       : Initializing Spring embedded WebApplicationContext
2025-08-15T13:56:20.857+05:30  INFO 20852 --- [NotificationService] [restartedMain] [                                                 ] w.s.c.ServletWebServerApplicationContext : Root WebApplicationContext: initialization completed in 7581 ms
2025-08-15T13:56:23.214+05:30  INFO 20852 --- [NotificationService] [restartedMain] [                                                 ] o.hibernate.jpa.internal.util.LogHelper  : HHH000204: Processing PersistenceUnitInfo [name: default]
2025-08-15T13:56:23.374+05:30  INFO 20852 --- [NotificationService] [restartedMain] [                                                 ] org.hibernate.Version                    : HHH000412: Hibernate ORM core version 6.6.22.Final
2025-08-15T13:56:23.468+05:30  INFO 20852 --- [NotificationService] [restartedMain] [                                                 ] o.h.c.internal.RegionFactoryInitiator    : HHH000026: Second-level cache disabled
2025-08-15T13:56:24.064+05:30  INFO 20852 --- [NotificationService] [restartedMain] [                                                 ] o.s.o.j.p.SpringPersistenceUnitInfo      : No LoadTimeWeaver setup: ignoring JPA class transformer
2025-08-15T13:56:24.124+05:30  INFO 20852 --- [NotificationService] [restartedMain] [                                                 ] com.zaxxer.hikari.HikariDataSource       : HikariPool-1 - Starting...
2025-08-15T13:56:24.838+05:30  INFO 20852 --- [NotificationService] [restartedMain] [                                                 ] com.zaxxer.hikari.pool.HikariPool        : HikariPool-1 - Added connection com.mysql.cj.jdbc.ConnectionImpl@6ac9ffc8
2025-08-15T13:56:24.843+05:30  INFO 20852 --- [NotificationService] [restartedMain] [                                                 ] com.zaxxer.hikari.HikariDataSource       : HikariPool-1 - Start completed.
2025-08-15T13:56:25.012+05:30  WARN 20852 --- [NotificationService] [restartedMain] [                                                 ] org.hibernate.orm.deprecation            : HHH90000025: MySQLDialect does not need to be specified explicitly using 'hibernate.dialect' (remove the property setting and it will be selected by default)
2025-08-15T13:56:25.059+05:30  INFO 20852 --- [NotificationService] [restartedMain] [                                                 ] org.hibernate.orm.connections.pooling    : HHH10001005: Database info:
	Database JDBC URL [Connecting through datasource 'HikariDataSource (HikariPool-1)']
	Database driver: undefined/unknown
	Database version: 8.0.43
	Autocommit mode: undefined/unknown
	Isolation level: undefined/unknown
	Minimum pool size: undefined/unknown
	Maximum pool size: undefined/unknown
2025-08-15T13:56:27.175+05:30  INFO 20852 --- [NotificationService] [restartedMain] [                                                 ] o.h.e.t.j.p.i.JtaPlatformInitiator       : HHH000489: No JTA platform available (set 'hibernate.transaction.jta.platform' to enable JTA platform integration)
2025-08-15T13:56:27.400+05:30  INFO 20852 --- [NotificationService] [restartedMain] [                                                 ] j.LocalContainerEntityManagerFactoryBean : Initialized JPA EntityManagerFactory for persistence unit 'default'
2025-08-15T13:56:28.582+05:30  WARN 20852 --- [NotificationService] [restartedMain] [                                                 ] JpaBaseConfiguration$JpaWebConfiguration : spring.jpa.open-in-view is enabled by default. Therefore, database queries may be performed during view rendering. Explicitly configure spring.jpa.open-in-view to disable this warning
2025-08-15T13:56:28.955+05:30  WARN 20852 --- [NotificationService] [restartedMain] [                                                 ] o.s.b.d.a.OptionalLiveReloadServer       : Unable to start LiveReload server
2025-08-15T13:56:29.123+05:30  INFO 20852 --- [NotificationService] [restartedMain] [                                                 ] o.s.c.openfeign.FeignClientFactoryBean   : For 'RequestBloodService' URL not provided. Will try picking an instance via load-balancing.
2025-08-15T13:56:33.886+05:30  INFO 20852 --- [NotificationService] [restartedMain] [                                                 ] DiscoveryClientOptionalArgsConfiguration : Eureka HTTP Client uses RestTemplate.
2025-08-15T13:56:34.259+05:30  WARN 20852 --- [NotificationService] [restartedMain] [                                                 ] iguration$LoadBalancerCaffeineWarnLogger : Spring Cloud LoadBalancer is currently working with the default cache. While this cache implementation is useful for development and tests, it's recommended to use Caffeine cache in production.You can switch to using Caffeine cache, by adding it and org.springframework.cache.caffeine.CaffeineCacheManager to the classpath.
2025-08-15T13:56:34.384+05:30  INFO 20852 --- [NotificationService] [restartedMain] [                                                 ] o.s.b.a.e.web.EndpointLinksResolver      : Exposing 1 endpoint beneath base path '/actuator'
2025-08-15T13:56:34.754+05:30  INFO 20852 --- [NotificationService] [restartedMain] [                                                 ] o.s.c.n.eureka.InstanceInfoFactory       : Setting initial instance status as: STARTING
2025-08-15T13:56:34.851+05:30  INFO 20852 --- [NotificationService] [restartedMain] [                                                 ] com.netflix.discovery.DiscoveryClient    : Initializing Eureka in region us-east-1
2025-08-15T13:56:34.868+05:30  INFO 20852 --- [NotificationService] [restartedMain] [                                                 ] c.n.d.s.r.aws.ConfigClusterResolver      : Resolving eureka endpoints via configuration
2025-08-15T13:56:34.898+05:30  INFO 20852 --- [NotificationService] [restartedMain] [                                                 ] com.netflix.discovery.DiscoveryClient    : Disable delta property : false
2025-08-15T13:56:34.898+05:30  INFO 20852 --- [NotificationService] [restartedMain] [                                                 ] com.netflix.discovery.DiscoveryClient    : Single vip registry refresh property : null
2025-08-15T13:56:34.898+05:30  INFO 20852 --- [NotificationService] [restartedMain] [                                                 ] com.netflix.discovery.DiscoveryClient    : Force full registry fetch : false
2025-08-15T13:56:34.898+05:30  INFO 20852 --- [NotificationService] [restartedMain] [                                                 ] com.netflix.discovery.DiscoveryClient    : Application is null : false
2025-08-15T13:56:34.898+05:30  INFO 20852 --- [NotificationService] [restartedMain] [                                                 ] com.netflix.discovery.DiscoveryClient    : Registered Applications size is zero : true
2025-08-15T13:56:34.899+05:30  INFO 20852 --- [NotificationService] [restartedMain] [                                                 ] com.netflix.discovery.DiscoveryClient    : Application version is -1: true
2025-08-15T13:56:34.899+05:30  INFO 20852 --- [NotificationService] [restartedMain] [                                                 ] com.netflix.discovery.DiscoveryClient    : Getting all instance registry info from the eureka server
2025-08-15T13:56:35.554+05:30  INFO 20852 --- [NotificationService] [restartedMain] [                                                 ] com.netflix.discovery.DiscoveryClient    : The response status is 200
2025-08-15T13:56:35.559+05:30  INFO 20852 --- [NotificationService] [restartedMain] [                                                 ] com.netflix.discovery.DiscoveryClient    : Starting heartbeat executor: renew interval is: 30
2025-08-15T13:56:35.565+05:30  INFO 20852 --- [NotificationService] [restartedMain] [                                                 ] c.n.discovery.InstanceInfoReplicator     : InstanceInfoReplicator onDemand update allowed rate per min is 4
2025-08-15T13:56:35.567+05:30  INFO 20852 --- [NotificationService] [restartedMain] [                                                 ] com.netflix.discovery.DiscoveryClient    : Discovery Client initialized at timestamp 1755246395567 with initial instances count: 5
2025-08-15T13:56:35.608+05:30  INFO 20852 --- [NotificationService] [restartedMain] [                                                 ] o.s.c.n.e.s.EurekaServiceRegistry        : Registering application NOTIFICATIONSERVICE with eureka with status UP
2025-08-15T13:56:35.610+05:30  INFO 20852 --- [NotificationService] [restartedMain] [                                                 ] com.netflix.discovery.DiscoveryClient    : Saw local status change event StatusChangeEvent [timestamp=1755246395610, current=UP, previous=STARTING]
2025-08-15T13:56:35.614+05:30  INFO 20852 --- [NotificationService] [DiscoveryClient-InstanceInfoReplicator-%d] [                                                 ] com.netflix.discovery.DiscoveryClient    : DiscoveryClient_NOTIFICATIONSERVICE/DESKTOP-M6GPA6L:NotificationService:9096: registering service...
2025-08-15T13:56:35.642+05:30  INFO 20852 --- [NotificationService] [restartedMain] [                                                 ] o.s.b.w.embedded.tomcat.TomcatWebServer  : Tomcat started on port 9096 (http) with context path '/'
2025-08-15T13:56:35.643+05:30  INFO 20852 --- [NotificationService] [restartedMain] [                                                 ] .s.c.n.e.s.EurekaAutoServiceRegistration : Updating port to 9096
2025-08-15T13:56:35.698+05:30  INFO 20852 --- [NotificationService] [restartedMain] [                                                 ] c.n.w.NotificationServiceApplication     : Started NotificationServiceApplication in 26.041 seconds (process running for 28.317)
2025-08-15T13:56:35.789+05:30  INFO 20852 --- [NotificationService] [DiscoveryClient-InstanceInfoReplicator-%d] [                                                 ] com.netflix.discovery.DiscoveryClient    : DiscoveryClient_NOTIFICATIONSERVICE/DESKTOP-M6GPA6L:NotificationService:9096 - registration status: 204
2025-08-15T13:56:36.723+05:30  INFO 20852 --- [NotificationService] [RMI TCP Connection(10)-127.0.0.1] [                                                 ] o.a.c.c.C.[Tomcat].[localhost].[/]       : Initializing Spring DispatcherServlet 'dispatcherServlet'
2025-08-15T13:56:36.724+05:30  INFO 20852 --- [NotificationService] [RMI TCP Connection(10)-127.0.0.1] [                                                 ] o.s.web.servlet.DispatcherServlet        : Initializing Servlet 'dispatcherServlet'
2025-08-15T13:56:36.728+05:30  INFO 20852 --- [NotificationService] [RMI TCP Connection(10)-127.0.0.1] [                                                 ] o.s.web.servlet.DispatcherServlet        : Completed initialization in 4 ms
2025-08-15T13:59:37.142+05:30  WARN 20852 --- [NotificationService] [AsyncReporter{ZipkinHttpClientSender{http://localhost:9411/api/v2/spans}}] [                                                 ] z.r.i.AsyncReporter$BoundedAsyncReporter : Spans were dropped due to exceptions. All subsequent errors will be logged at FINE level.
2025-08-15T13:59:37.148+05:30  WARN 20852 --- [NotificationService] [AsyncReporter{ZipkinHttpClientSender{http://localhost:9411/api/v2/spans}}] [                                                 ] z.r.i.AsyncReporter$BoundedAsyncReporter : Dropped 1 spans due to ConnectException()

java.net.ConnectException: null
	at java.net.http/jdk.internal.net.http.HttpClientImpl.send(HttpClientImpl.java:952) ~[java.net.http:na]
	at java.net.http/jdk.internal.net.http.HttpClientFacade.send(HttpClientFacade.java:133) ~[java.net.http:na]
	at org.springframework.boot.actuate.autoconfigure.tracing.zipkin.ZipkinHttpClientSender.postSpans(ZipkinHttpClientSender.java:60) ~[spring-boot-actuator-autoconfigure-3.5.4.jar:3.5.4]
	at org.springframework.boot.actuate.autoconfigure.tracing.zipkin.HttpSender.postSpans(HttpSender.java:69) ~[spring-boot-actuator-autoconfigure-3.5.4.jar:3.5.4]
	at org.springframework.boot.actuate.autoconfigure.tracing.zipkin.HttpSender.postSpans(HttpSender.java:41) ~[spring-boot-actuator-autoconfigure-3.5.4.jar:3.5.4]
	at zipkin2.reporter.BaseHttpSender.send(BaseHttpSender.java:123) ~[zipkin-reporter-3.5.1.jar:na]
	at zipkin2.reporter.internal.AsyncReporter$BoundedAsyncReporter.flush(AsyncReporter.java:266) ~[zipkin-reporter-3.5.1.jar:na]
	at zipkin2.reporter.internal.AsyncReporter$Flusher.run(AsyncReporter.java:352) ~[zipkin-reporter-3.5.1.jar:na]
	at java.base/java.lang.Thread.run(Thread.java:1583) ~[na:na]
Caused by: java.net.ConnectException: null
	at java.net.http/jdk.internal.net.http.common.Utils.toConnectException(Utils.java:1041) ~[java.net.http:na]
	at java.net.http/jdk.internal.net.http.PlainHttpConnection.connectAsync(PlainHttpConnection.java:227) ~[java.net.http:na]
	at java.net.http/jdk.internal.net.http.PlainHttpConnection.checkRetryConnect(PlainHttpConnection.java:280) ~[java.net.http:na]
	at java.net.http/jdk.internal.net.http.PlainHttpConnection.lambda$connectAsync$2(PlainHttpConnection.java:238) ~[java.net.http:na]
	at java.base/java.util.concurrent.CompletableFuture.uniHandle(CompletableFuture.java:934) ~[na:na]
	at java.base/java.util.concurrent.CompletableFuture$UniHandle.tryFire(CompletableFuture.java:911) ~[na:na]
	at java.base/java.util.concurrent.CompletableFuture.postComplete(CompletableFuture.java:510) ~[na:na]
	at java.base/java.util.concurrent.CompletableFuture$AsyncSupply.run(CompletableFuture.java:1773) ~[na:na]
	at java.base/java.util.concurrent.ThreadPoolExecutor.runWorker(ThreadPoolExecutor.java:1144) ~[na:na]
	at java.base/java.util.concurrent.ThreadPoolExecutor$Worker.run(ThreadPoolExecutor.java:642) ~[na:na]
	... 1 common frames omitted
Caused by: java.nio.channels.ClosedChannelException: null
	at java.base/sun.nio.ch.SocketChannelImpl.ensureOpen(SocketChannelImpl.java:202) ~[na:na]
	at java.base/sun.nio.ch.SocketChannelImpl.beginConnect(SocketChannelImpl.java:786) ~[na:na]
	at java.base/sun.nio.ch.SocketChannelImpl.connect(SocketChannelImpl.java:874) ~[na:na]
	at java.net.http/jdk.internal.net.http.PlainHttpConnection.lambda$connectAsync$1(PlainHttpConnection.java:210) ~[java.net.http:na]
	at java.base/java.security.AccessController.doPrivileged(AccessController.java:571) ~[na:na]
	at java.net.http/jdk.internal.net.http.PlainHttpConnection.connectAsync(PlainHttpConnection.java:212) ~[java.net.http:na]
	... 9 common frames omitted

2025-08-15T14:01:34.914+05:30  INFO 20852 --- [NotificationService] [AsyncResolver-bootstrap-executor-%d] [                                                 ] c.n.d.s.r.aws.ConfigClusterResolver      : Resolving eureka endpoints via configuration
2025-08-15T14:06:34.925+05:30  INFO 20852 --- [NotificationService] [AsyncResolver-bootstrap-executor-%d] [                                                 ] c.n.d.s.r.aws.ConfigClusterResolver      : Resolving eureka endpoints via configuration
2025-08-15T14:11:34.952+05:30  INFO 20852 --- [NotificationService] [AsyncResolver-bootstrap-executor-%d] [                                                 ] c.n.d.s.r.aws.ConfigClusterResolver      : Resolving eureka endpoints via configuration
2025-08-15T14:16:34.997+05:30  INFO 20852 --- [NotificationService] [AsyncResolver-bootstrap-executor-%d] [                                                 ] c.n.d.s.r.aws.ConfigClusterResolver      : Resolving eureka endpoints via configuration
2025-08-15T14:21:35.856+05:30  INFO 20852 --- [NotificationService] [AsyncResolver-bootstrap-executor-%d] [                                                 ] c.n.d.s.r.aws.ConfigClusterResolver      : Resolving eureka endpoints via configuration
2025-08-15T14:26:36.296+05:30  INFO 20852 --- [NotificationService] [AsyncResolver-bootstrap-executor-%d] [                                                 ] c.n.d.s.r.aws.ConfigClusterResolver      : Resolving eureka endpoints via configuration
2025-08-15T14:31:36.347+05:30  INFO 20852 --- [NotificationService] [AsyncResolver-bootstrap-executor-%d] [                                                 ] c.n.d.s.r.aws.ConfigClusterResolver      : Resolving eureka endpoints via configuration
2025-08-15T14:36:36.405+05:30  INFO 20852 --- [NotificationService] [AsyncResolver-bootstrap-executor-%d] [                                                 ] c.n.d.s.r.aws.ConfigClusterResolver      : Resolving eureka endpoints via configuration
2025-08-15T14:41:36.452+05:30  INFO 20852 --- [NotificationService] [AsyncResolver-bootstrap-executor-%d] [                                                 ] c.n.d.s.r.aws.ConfigClusterResolver      : Resolving eureka endpoints via configuration
2025-08-15T14:46:36.505+05:30  INFO 20852 --- [NotificationService] [AsyncResolver-bootstrap-executor-%d] [                                                 ] c.n.d.s.r.aws.ConfigClusterResolver      : Resolving eureka endpoints via configuration
2025-08-15T14:47:26.125+05:30  INFO 20852 --- [NotificationService] [File Watcher] [                                                 ] rtingClassPathChangeChangedEventListener : Restarting due to 3 class path changes (2 additions, 0 deletions, 1 modification)
2025-08-15T14:47:26.306+05:30  INFO 20852 --- [NotificationService] [Thread-1] [                                                 ] o.s.c.n.e.s.EurekaServiceRegistry        : Unregistering application NOTIFICATIONSERVICE with eureka with status DOWN
2025-08-15T14:47:26.309+05:30  INFO 20852 --- [NotificationService] [Thread-1] [                                                 ] com.netflix.discovery.DiscoveryClient    : Saw local status change event StatusChangeEvent [timestamp=1755249446309, current=DOWN, previous=UP]
2025-08-15T14:47:26.314+05:30  INFO 20852 --- [NotificationService] [DiscoveryClient-InstanceInfoReplicator-%d] [                                                 ] com.netflix.discovery.DiscoveryClient    : DiscoveryClient_NOTIFICATIONSERVICE/DESKTOP-M6GPA6L:NotificationService:9096: registering service...
2025-08-15T14:47:26.796+05:30  INFO 20852 --- [NotificationService] [Thread-1] [                                                 ] o.s.b.w.e.tomcat.GracefulShutdown        : Commencing graceful shutdown. Waiting for active requests to complete
2025-08-15T14:47:26.864+05:30  INFO 20852 --- [NotificationService] [DiscoveryClient-InstanceInfoReplicator-%d] [                                                 ] com.netflix.discovery.DiscoveryClient    : DiscoveryClient_NOTIFICATIONSERVICE/DESKTOP-M6GPA6L:NotificationService:9096 - registration status: 204
2025-08-15T14:47:26.985+05:30  INFO 20852 --- [NotificationService] [tomcat-shutdown] [                                                 ] o.s.b.w.e.tomcat.GracefulShutdown        : Graceful shutdown complete
2025-08-15T14:47:27.807+05:30  INFO 20852 --- [NotificationService] [Thread-1] [                                                 ] j.LocalContainerEntityManagerFactoryBean : Closing JPA EntityManagerFactory for persistence unit 'default'
2025-08-15T14:47:28.132+05:30  INFO 20852 --- [NotificationService] [Thread-1] [                                                 ] com.zaxxer.hikari.HikariDataSource       : HikariPool-1 - Shutdown initiated...
2025-08-15T14:47:28.305+05:30  INFO 20852 --- [NotificationService] [Thread-1] [                                                 ] com.zaxxer.hikari.HikariDataSource       : HikariPool-1 - Shutdown completed.
2025-08-15T14:47:28.832+05:30  INFO 20852 --- [NotificationService] [Thread-1] [                                                 ] com.netflix.discovery.DiscoveryClient    : Shutting down DiscoveryClient ...
2025-08-15T14:47:31.856+05:30  INFO 20852 --- [NotificationService] [Thread-1] [                                                 ] com.netflix.discovery.DiscoveryClient    : Unregistering ...
2025-08-15T14:47:32.015+05:30  INFO 20852 --- [NotificationService] [Thread-1] [                                                 ] com.netflix.discovery.DiscoveryClient    : DiscoveryClient_NOTIFICATIONSERVICE/DESKTOP-M6GPA6L:NotificationService:9096 - deregister  status: 200
2025-08-15T14:47:32.022+05:30  INFO 20852 --- [NotificationService] [Thread-1] [                                                 ] com.netflix.discovery.DiscoveryClient    : Completed shut down of DiscoveryClient
2025-08-15T14:47:35.969+05:30  INFO 20852 --- [NotificationService] [restartedMain] [                                                 ] c.n.w.NotificationServiceApplication     : Starting NotificationServiceApplication using Java 21.0.7 with PID 20852 (C:\Users\Nikhila Kadaveru\eclipse-workspace\BloodDonarProject\NotificationService\target\classes started by Nikhila Kadaveru in C:\Users\Nikhila Kadaveru\eclipse-workspace\BloodDonarProject\NotificationService)
2025-08-15T14:47:35.969+05:30  INFO 20852 --- [NotificationService] [restartedMain] [                                                 ] c.n.w.NotificationServiceApplication     : No active profile set, falling back to 1 default profile: "default"
2025-08-15T14:47:35.974+05:30  INFO 20852 --- [NotificationService] [restartedMain] [                                                 ] o.s.c.c.c.ConfigServerConfigDataLoader   : Fetching config from server at : http://localhost:9091
2025-08-15T14:47:35.975+05:30  INFO 20852 --- [NotificationService] [restartedMain] [                                                 ] o.s.c.c.c.ConfigServerConfigDataLoader   : Located environment: name=NotificationService, profiles=[default], label=null, version=96800b8590db13d3e98a8c6becc9c5a26d8514aa, state=
2025-08-15T14:47:37.578+05:30  INFO 20852 --- [NotificationService] [restartedMain] [                                                 ] .s.d.r.c.RepositoryConfigurationDelegate : Bootstrapping Spring Data JPA repositories in DEFAULT mode.
2025-08-15T14:47:37.607+05:30  INFO 20852 --- [NotificationService] [restartedMain] [                                                 ] .s.d.r.c.RepositoryConfigurationDelegate : Finished Spring Data repository scanning in 25 ms. Found 1 JPA repository interface.
2025-08-15T14:47:37.911+05:30  INFO 20852 --- [NotificationService] [restartedMain] [                                                 ] o.s.cloud.context.scope.GenericScope     : BeanFactory id=afd9691c-06fb-36f4-bc19-814147b6117f
2025-08-15T14:47:38.602+05:30  INFO 20852 --- [NotificationService] [restartedMain] [                                                 ] o.s.b.w.embedded.tomcat.TomcatWebServer  : Tomcat initialized with port 9096 (http)
2025-08-15T14:47:38.609+05:30  INFO 20852 --- [NotificationService] [restartedMain] [                                                 ] o.apache.catalina.core.StandardService   : Starting service [Tomcat]
2025-08-15T14:47:38.610+05:30  INFO 20852 --- [NotificationService] [restartedMain] [                                                 ] o.apache.catalina.core.StandardEngine    : Starting Servlet engine: [Apache Tomcat/10.1.43]
2025-08-15T14:47:38.754+05:30  INFO 20852 --- [NotificationService] [restartedMain] [                                                 ] o.a.c.c.C.[Tomcat].[localhost].[/]       : Initializing Spring embedded WebApplicationContext
2025-08-15T14:47:38.755+05:30  INFO 20852 --- [NotificationService] [restartedMain] [                                                 ] w.s.c.ServletWebServerApplicationContext : Root WebApplicationContext: initialization completed in 2780 ms
2025-08-15T14:47:40.245+05:30  INFO 20852 --- [NotificationService] [restartedMain] [                                                 ] o.hibernate.jpa.internal.util.LogHelper  : HHH000204: Processing PersistenceUnitInfo [name: default]
2025-08-15T14:47:40.264+05:30  INFO 20852 --- [NotificationService] [restartedMain] [                                                 ] o.h.c.internal.RegionFactoryInitiator    : HHH000026: Second-level cache disabled
2025-08-15T14:47:40.353+05:30  INFO 20852 --- [NotificationService] [restartedMain] [                                                 ] o.s.o.j.p.SpringPersistenceUnitInfo      : No LoadTimeWeaver setup: ignoring JPA class transformer
2025-08-15T14:47:40.359+05:30  INFO 20852 --- [NotificationService] [restartedMain] [                                                 ] com.zaxxer.hikari.HikariDataSource       : HikariPool-2 - Starting...
2025-08-15T14:47:40.587+05:30  INFO 20852 --- [NotificationService] [restartedMain] [                                                 ] com.zaxxer.hikari.pool.HikariPool        : HikariPool-2 - Added connection com.mysql.cj.jdbc.ConnectionImpl@35b3d260
2025-08-15T14:47:40.587+05:30  INFO 20852 --- [NotificationService] [restartedMain] [                                                 ] com.zaxxer.hikari.HikariDataSource       : HikariPool-2 - Start completed.
2025-08-15T14:47:40.595+05:30  WARN 20852 --- [NotificationService] [restartedMain] [                                                 ] org.hibernate.orm.deprecation            : HHH90000025: MySQLDialect does not need to be specified explicitly using 'hibernate.dialect' (remove the property setting and it will be selected by default)
2025-08-15T14:47:40.597+05:30  INFO 20852 --- [NotificationService] [restartedMain] [                                                 ] org.hibernate.orm.connections.pooling    : HHH10001005: Database info:
	Database JDBC URL [Connecting through datasource 'HikariDataSource (HikariPool-2)']
	Database driver: undefined/unknown
	Database version: 8.0.43
	Autocommit mode: undefined/unknown
	Isolation level: undefined/unknown
	Minimum pool size: undefined/unknown
	Maximum pool size: undefined/unknown
2025-08-15T14:47:40.918+05:30  INFO 20852 --- [NotificationService] [restartedMain] [                                                 ] o.h.e.t.j.p.i.JtaPlatformInitiator       : HHH000489: No JTA platform available (set 'hibernate.transaction.jta.platform' to enable JTA platform integration)
2025-08-15T14:47:41.144+05:30  INFO 20852 --- [NotificationService] [restartedMain] [                                                 ] j.LocalContainerEntityManagerFactoryBean : Initialized JPA EntityManagerFactory for persistence unit 'default'
2025-08-15T14:47:42.265+05:30  WARN 20852 --- [NotificationService] [restartedMain] [                                                 ] JpaBaseConfiguration$JpaWebConfiguration : spring.jpa.open-in-view is enabled by default. Therefore, database queries may be performed during view rendering. Explicitly configure spring.jpa.open-in-view to disable this warning
2025-08-15T14:47:42.873+05:30  WARN 20852 --- [NotificationService] [restartedMain] [                                                 ] o.s.b.d.a.OptionalLiveReloadServer       : Unable to start LiveReload server
2025-08-15T14:47:43.115+05:30  INFO 20852 --- [NotificationService] [restartedMain] [                                                 ] o.s.c.openfeign.FeignClientFactoryBean   : For 'RequestBloodService' URL not provided. Will try picking an instance via load-balancing.
2025-08-15T14:47:48.026+05:30  INFO 20852 --- [NotificationService] [restartedMain] [                                                 ] DiscoveryClientOptionalArgsConfiguration : Eureka HTTP Client uses RestTemplate.
2025-08-15T14:47:48.271+05:30  WARN 20852 --- [NotificationService] [restartedMain] [                                                 ] iguration$LoadBalancerCaffeineWarnLogger : Spring Cloud LoadBalancer is currently working with the default cache. While this cache implementation is useful for development and tests, it's recommended to use Caffeine cache in production.You can switch to using Caffeine cache, by adding it and org.springframework.cache.caffeine.CaffeineCacheManager to the classpath.
2025-08-15T14:47:48.348+05:30  INFO 20852 --- [NotificationService] [restartedMain] [                                                 ] o.s.b.a.e.web.EndpointLinksResolver      : Exposing 1 endpoint beneath base path '/actuator'
2025-08-15T14:47:48.507+05:30  INFO 20852 --- [NotificationService] [restartedMain] [                                                 ] o.s.c.n.eureka.InstanceInfoFactory       : Setting initial instance status as: STARTING
2025-08-15T14:47:48.524+05:30  INFO 20852 --- [NotificationService] [restartedMain] [                                                 ] com.netflix.discovery.DiscoveryClient    : Initializing Eureka in region us-east-1
2025-08-15T14:47:48.525+05:30  INFO 20852 --- [NotificationService] [restartedMain] [                                                 ] c.n.d.s.r.aws.ConfigClusterResolver      : Resolving eureka endpoints via configuration
2025-08-15T14:47:48.525+05:30  INFO 20852 --- [NotificationService] [restartedMain] [                                                 ] com.netflix.discovery.DiscoveryClient    : Disable delta property : false
2025-08-15T14:47:48.527+05:30  INFO 20852 --- [NotificationService] [restartedMain] [                                                 ] com.netflix.discovery.DiscoveryClient    : Single vip registry refresh property : null
2025-08-15T14:47:48.527+05:30  INFO 20852 --- [NotificationService] [restartedMain] [                                                 ] com.netflix.discovery.DiscoveryClient    : Force full registry fetch : false
2025-08-15T14:47:48.527+05:30  INFO 20852 --- [NotificationService] [restartedMain] [                                                 ] com.netflix.discovery.DiscoveryClient    : Application is null : false
2025-08-15T14:47:48.527+05:30  INFO 20852 --- [NotificationService] [restartedMain] [                                                 ] com.netflix.discovery.DiscoveryClient    : Registered Applications size is zero : true
2025-08-15T14:47:48.527+05:30  INFO 20852 --- [NotificationService] [restartedMain] [                                                 ] com.netflix.discovery.DiscoveryClient    : Application version is -1: true
2025-08-15T14:47:48.527+05:30  INFO 20852 --- [NotificationService] [restartedMain] [                                                 ] com.netflix.discovery.DiscoveryClient    : Getting all instance registry info from the eureka server
2025-08-15T14:47:48.718+05:30  INFO 20852 --- [NotificationService] [restartedMain] [                                                 ] com.netflix.discovery.DiscoveryClient    : The response status is 200
2025-08-15T14:47:48.719+05:30  INFO 20852 --- [NotificationService] [restartedMain] [                                                 ] com.netflix.discovery.DiscoveryClient    : Starting heartbeat executor: renew interval is: 30
2025-08-15T14:47:48.720+05:30  INFO 20852 --- [NotificationService] [restartedMain] [                                                 ] c.n.discovery.InstanceInfoReplicator     : InstanceInfoReplicator onDemand update allowed rate per min is 4
2025-08-15T14:47:48.721+05:30  INFO 20852 --- [NotificationService] [restartedMain] [                                                 ] com.netflix.discovery.DiscoveryClient    : Discovery Client initialized at timestamp 1755249468721 with initial instances count: 6
2025-08-15T14:47:48.765+05:30  INFO 20852 --- [NotificationService] [restartedMain] [                                                 ] o.s.c.n.e.s.EurekaServiceRegistry        : Registering application NOTIFICATIONSERVICE with eureka with status UP
2025-08-15T14:47:48.766+05:30  INFO 20852 --- [NotificationService] [restartedMain] [                                                 ] com.netflix.discovery.DiscoveryClient    : Saw local status change event StatusChangeEvent [timestamp=1755249468766, current=UP, previous=STARTING]
2025-08-15T14:47:48.766+05:30  INFO 20852 --- [NotificationService] [DiscoveryClient-InstanceInfoReplicator-%d] [                                                 ] com.netflix.discovery.DiscoveryClient    : DiscoveryClient_NOTIFICATIONSERVICE/DESKTOP-M6GPA6L:NotificationService:9096: registering service...
2025-08-15T14:47:48.780+05:30  INFO 20852 --- [NotificationService] [restartedMain] [                                                 ] o.s.b.w.embedded.tomcat.TomcatWebServer  : Tomcat started on port 9096 (http) with context path '/'
2025-08-15T14:47:48.781+05:30  INFO 20852 --- [NotificationService] [restartedMain] [                                                 ] .s.c.n.e.s.EurekaAutoServiceRegistration : Updating port to 9096
2025-08-15T14:47:48.882+05:30  INFO 20852 --- [NotificationService] [restartedMain] [                                                 ] c.n.w.NotificationServiceApplication     : Started NotificationServiceApplication in 15.2 seconds (process running for 3101.501)
2025-08-15T14:47:48.893+05:30  INFO 20852 --- [NotificationService] [DiscoveryClient-InstanceInfoReplicator-%d] [                                                 ] com.netflix.discovery.DiscoveryClient    : DiscoveryClient_NOTIFICATIONSERVICE/DESKTOP-M6GPA6L:NotificationService:9096 - registration status: 204
2025-08-15T14:47:48.892+05:30  INFO 20852 --- [NotificationService] [restartedMain] [                                                 ] .ConditionEvaluationDeltaLoggingListener : Condition evaluation unchanged
2025-08-15T14:47:49.259+05:30  INFO 20852 --- [NotificationService] [File Watcher] [                                                 ] rtingClassPathChangeChangedEventListener : Restarting due to 17 class path changes (0 additions, 2 deletions, 15 modifications)
2025-08-15T14:47:49.262+05:30  INFO 20852 --- [NotificationService] [Thread-7] [                                                 ] o.s.c.n.e.s.EurekaServiceRegistry        : Unregistering application NOTIFICATIONSERVICE with eureka with status DOWN
2025-08-15T14:47:49.262+05:30  INFO 20852 --- [NotificationService] [Thread-7] [                                                 ] com.netflix.discovery.DiscoveryClient    : Saw local status change event StatusChangeEvent [timestamp=1755249469262, current=DOWN, previous=UP]
2025-08-15T14:47:49.262+05:30  INFO 20852 --- [NotificationService] [DiscoveryClient-InstanceInfoReplicator-%d] [                                                 ] com.netflix.discovery.DiscoveryClient    : DiscoveryClient_NOTIFICATIONSERVICE/DESKTOP-M6GPA6L:NotificationService:9096: registering service...
2025-08-15T14:47:49.276+05:30  INFO 20852 --- [NotificationService] [Thread-7] [                                                 ] o.s.b.w.e.tomcat.GracefulShutdown        : Commencing graceful shutdown. Waiting for active requests to complete
2025-08-15T14:47:49.281+05:30  INFO 20852 --- [NotificationService] [DiscoveryClient-InstanceInfoReplicator-%d] [                                                 ] com.netflix.discovery.DiscoveryClient    : DiscoveryClient_NOTIFICATIONSERVICE/DESKTOP-M6GPA6L:NotificationService:9096 - registration status: 204
2025-08-15T14:47:49.296+05:30  INFO 20852 --- [NotificationService] [tomcat-shutdown] [                                                 ] o.s.b.w.e.tomcat.GracefulShutdown        : Graceful shutdown complete
2025-08-15T14:47:49.310+05:30  INFO 20852 --- [NotificationService] [Thread-7] [                                                 ] j.LocalContainerEntityManagerFactoryBean : Closing JPA EntityManagerFactory for persistence unit 'default'
2025-08-15T14:47:49.312+05:30  INFO 20852 --- [NotificationService] [Thread-7] [                                                 ] com.zaxxer.hikari.HikariDataSource       : HikariPool-2 - Shutdown initiated...
2025-08-15T14:47:49.541+05:30  INFO 20852 --- [NotificationService] [Thread-7] [                                                 ] com.zaxxer.hikari.HikariDataSource       : HikariPool-2 - Shutdown completed.
2025-08-15T14:47:50.546+05:30  INFO 20852 --- [NotificationService] [Thread-7] [                                                 ] com.netflix.discovery.DiscoveryClient    : Shutting down DiscoveryClient ...
2025-08-15T14:47:53.547+05:30  INFO 20852 --- [NotificationService] [Thread-7] [                                                 ] com.netflix.discovery.DiscoveryClient    : Unregistering ...
2025-08-15T14:47:53.559+05:30  INFO 20852 --- [NotificationService] [Thread-7] [                                                 ] com.netflix.discovery.DiscoveryClient    : DiscoveryClient_NOTIFICATIONSERVICE/DESKTOP-M6GPA6L:NotificationService:9096 - deregister  status: 200
2025-08-15T14:47:53.560+05:30  INFO 20852 --- [NotificationService] [Thread-7] [                                                 ] com.netflix.discovery.DiscoveryClient    : Completed shut down of DiscoveryClient
2025-08-15T14:47:55.369+05:30  INFO 20852 --- [NotificationService] [restartedMain] [                                                 ] c.n.w.NotificationServiceApplication     : Starting NotificationServiceApplication using Java 21.0.7 with PID 20852 (C:\Users\Nikhila Kadaveru\eclipse-workspace\BloodDonarProject\NotificationService\target\classes started by Nikhila Kadaveru in C:\Users\Nikhila Kadaveru\eclipse-workspace\BloodDonarProject\NotificationService)
2025-08-15T14:47:55.370+05:30  INFO 20852 --- [NotificationService] [restartedMain] [                                                 ] c.n.w.NotificationServiceApplication     : No active profile set, falling back to 1 default profile: "default"
2025-08-15T14:47:55.376+05:30  INFO 20852 --- [NotificationService] [restartedMain] [                                                 ] o.s.c.c.c.ConfigServerConfigDataLoader   : Fetching config from server at : http://localhost:9091
2025-08-15T14:47:55.376+05:30  INFO 20852 --- [NotificationService] [restartedMain] [                                                 ] o.s.c.c.c.ConfigServerConfigDataLoader   : Located environment: name=NotificationService, profiles=[default], label=null, version=96800b8590db13d3e98a8c6becc9c5a26d8514aa, state=
2025-08-15T14:47:56.615+05:30  INFO 20852 --- [NotificationService] [restartedMain] [                                                 ] .s.d.r.c.RepositoryConfigurationDelegate : Bootstrapping Spring Data JPA repositories in DEFAULT mode.
2025-08-15T14:47:56.643+05:30  INFO 20852 --- [NotificationService] [restartedMain] [                                                 ] .s.d.r.c.RepositoryConfigurationDelegate : Finished Spring Data repository scanning in 24 ms. Found 1 JPA repository interface.
2025-08-15T14:47:56.897+05:30  INFO 20852 --- [NotificationService] [restartedMain] [                                                 ] o.s.cloud.context.scope.GenericScope     : BeanFactory id=89ac3c03-7d18-3b3a-8832-50db2f30be2b
2025-08-15T14:47:57.650+05:30  INFO 20852 --- [NotificationService] [restartedMain] [                                                 ] o.s.b.w.embedded.tomcat.TomcatWebServer  : Tomcat initialized with port 9096 (http)
2025-08-15T14:47:57.652+05:30  INFO 20852 --- [NotificationService] [restartedMain] [                                                 ] o.apache.catalina.core.StandardService   : Starting service [Tomcat]
2025-08-15T14:47:57.652+05:30  INFO 20852 --- [NotificationService] [restartedMain] [                                                 ] o.apache.catalina.core.StandardEngine    : Starting Servlet engine: [Apache Tomcat/10.1.43]
2025-08-15T14:47:57.785+05:30  INFO 20852 --- [NotificationService] [restartedMain] [                                                 ] o.a.c.c.C.[Tomcat].[localhost].[/]       : Initializing Spring embedded WebApplicationContext
2025-08-15T14:47:57.785+05:30  INFO 20852 --- [NotificationService] [restartedMain] [                                                 ] w.s.c.ServletWebServerApplicationContext : Root WebApplicationContext: initialization completed in 2409 ms
2025-08-15T14:47:59.328+05:30  INFO 20852 --- [NotificationService] [restartedMain] [                                                 ] o.hibernate.jpa.internal.util.LogHelper  : HHH000204: Processing PersistenceUnitInfo [name: default]
2025-08-15T14:47:59.339+05:30  INFO 20852 --- [NotificationService] [restartedMain] [                                                 ] o.h.c.internal.RegionFactoryInitiator    : HHH000026: Second-level cache disabled
2025-08-15T14:47:59.379+05:30  INFO 20852 --- [NotificationService] [restartedMain] [                                                 ] o.s.o.j.p.SpringPersistenceUnitInfo      : No LoadTimeWeaver setup: ignoring JPA class transformer
2025-08-15T14:47:59.381+05:30  INFO 20852 --- [NotificationService] [restartedMain] [                                                 ] com.zaxxer.hikari.HikariDataSource       : HikariPool-3 - Starting...
2025-08-15T14:47:59.421+05:30  INFO 20852 --- [NotificationService] [restartedMain] [                                                 ] com.zaxxer.hikari.pool.HikariPool        : HikariPool-3 - Added connection com.mysql.cj.jdbc.ConnectionImpl@68b980f
2025-08-15T14:47:59.421+05:30  INFO 20852 --- [NotificationService] [restartedMain] [                                                 ] com.zaxxer.hikari.HikariDataSource       : HikariPool-3 - Start completed.
2025-08-15T14:47:59.424+05:30  WARN 20852 --- [NotificationService] [restartedMain] [                                                 ] org.hibernate.orm.deprecation            : HHH90000025: MySQLDialect does not need to be specified explicitly using 'hibernate.dialect' (remove the property setting and it will be selected by default)
2025-08-15T14:47:59.426+05:30  INFO 20852 --- [NotificationService] [restartedMain] [                                                 ] org.hibernate.orm.connections.pooling    : HHH10001005: Database info:
	Database JDBC URL [Connecting through datasource 'HikariDataSource (HikariPool-3)']
	Database driver: undefined/unknown
	Database version: 8.0.43
	Autocommit mode: undefined/unknown
	Isolation level: undefined/unknown
	Minimum pool size: undefined/unknown
	Maximum pool size: undefined/unknown
2025-08-15T14:47:59.719+05:30  INFO 20852 --- [NotificationService] [restartedMain] [                                                 ] o.h.e.t.j.p.i.JtaPlatformInitiator       : HHH000489: No JTA platform available (set 'hibernate.transaction.jta.platform' to enable JTA platform integration)
2025-08-15T14:47:59.790+05:30  INFO 20852 --- [NotificationService] [restartedMain] [                                                 ] j.LocalContainerEntityManagerFactoryBean : Initialized JPA EntityManagerFactory for persistence unit 'default'
2025-08-15T14:48:00.378+05:30  WARN 20852 --- [NotificationService] [restartedMain] [                                                 ] JpaBaseConfiguration$JpaWebConfiguration : spring.jpa.open-in-view is enabled by default. Therefore, database queries may be performed during view rendering. Explicitly configure spring.jpa.open-in-view to disable this warning
2025-08-15T14:48:00.577+05:30  WARN 20852 --- [NotificationService] [restartedMain] [                                                 ] o.s.b.d.a.OptionalLiveReloadServer       : Unable to start LiveReload server
2025-08-15T14:48:00.690+05:30  INFO 20852 --- [NotificationService] [restartedMain] [                                                 ] o.s.c.openfeign.FeignClientFactoryBean   : For 'RequestBloodService' URL not provided. Will try picking an instance via load-balancing.
2025-08-15T14:48:04.558+05:30  INFO 20852 --- [NotificationService] [restartedMain] [                                                 ] DiscoveryClientOptionalArgsConfiguration : Eureka HTTP Client uses RestTemplate.
2025-08-15T14:48:04.688+05:30  WARN 20852 --- [NotificationService] [restartedMain] [                                                 ] iguration$LoadBalancerCaffeineWarnLogger : Spring Cloud LoadBalancer is currently working with the default cache. While this cache implementation is useful for development and tests, it's recommended to use Caffeine cache in production.You can switch to using Caffeine cache, by adding it and org.springframework.cache.caffeine.CaffeineCacheManager to the classpath.
2025-08-15T14:48:04.739+05:30  INFO 20852 --- [NotificationService] [restartedMain] [                                                 ] o.s.b.a.e.web.EndpointLinksResolver      : Exposing 27 endpoints beneath base path '/actuator'
2025-08-15T14:48:04.879+05:30  INFO 20852 --- [NotificationService] [restartedMain] [                                                 ] o.s.c.n.eureka.InstanceInfoFactory       : Setting initial instance status as: STARTING
2025-08-15T14:48:04.895+05:30  INFO 20852 --- [NotificationService] [restartedMain] [                                                 ] com.netflix.discovery.DiscoveryClient    : Initializing Eureka in region us-east-1
2025-08-15T14:48:04.895+05:30  INFO 20852 --- [NotificationService] [restartedMain] [                                                 ] c.n.d.s.r.aws.ConfigClusterResolver      : Resolving eureka endpoints via configuration
2025-08-15T14:48:04.896+05:30  INFO 20852 --- [NotificationService] [restartedMain] [                                                 ] com.netflix.discovery.DiscoveryClient    : Disable delta property : false
2025-08-15T14:48:04.896+05:30  INFO 20852 --- [NotificationService] [restartedMain] [                                                 ] com.netflix.discovery.DiscoveryClient    : Single vip registry refresh property : null
2025-08-15T14:48:04.896+05:30  INFO 20852 --- [NotificationService] [restartedMain] [                                                 ] com.netflix.discovery.DiscoveryClient    : Force full registry fetch : false
2025-08-15T14:48:04.896+05:30  INFO 20852 --- [NotificationService] [restartedMain] [                                                 ] com.netflix.discovery.DiscoveryClient    : Application is null : false
2025-08-15T14:48:04.896+05:30  INFO 20852 --- [NotificationService] [restartedMain] [                                                 ] com.netflix.discovery.DiscoveryClient    : Registered Applications size is zero : true
2025-08-15T14:48:04.896+05:30  INFO 20852 --- [NotificationService] [restartedMain] [                                                 ] com.netflix.discovery.DiscoveryClient    : Application version is -1: true
2025-08-15T14:48:04.896+05:30  INFO 20852 --- [NotificationService] [restartedMain] [                                                 ] com.netflix.discovery.DiscoveryClient    : Getting all instance registry info from the eureka server
2025-08-15T14:48:05.066+05:30  INFO 20852 --- [NotificationService] [restartedMain] [                                                 ] com.netflix.discovery.DiscoveryClient    : The response status is 200
2025-08-15T14:48:05.067+05:30  INFO 20852 --- [NotificationService] [restartedMain] [                                                 ] com.netflix.discovery.DiscoveryClient    : Starting heartbeat executor: renew interval is: 30
2025-08-15T14:48:05.068+05:30  INFO 20852 --- [NotificationService] [restartedMain] [                                                 ] c.n.discovery.InstanceInfoReplicator     : InstanceInfoReplicator onDemand update allowed rate per min is 4
2025-08-15T14:48:05.069+05:30  INFO 20852 --- [NotificationService] [restartedMain] [                                                 ] com.netflix.discovery.DiscoveryClient    : Discovery Client initialized at timestamp 1755249485069 with initial instances count: 5
2025-08-15T14:48:05.113+05:30  INFO 20852 --- [NotificationService] [restartedMain] [                                                 ] o.s.c.n.e.s.EurekaServiceRegistry        : Registering application NOTIFICATIONSERVICE with eureka with status UP
2025-08-15T14:48:05.114+05:30  INFO 20852 --- [NotificationService] [restartedMain] [                                                 ] com.netflix.discovery.DiscoveryClient    : Saw local status change event StatusChangeEvent [timestamp=1755249485114, current=UP, previous=STARTING]
2025-08-15T14:48:05.114+05:30  INFO 20852 --- [NotificationService] [DiscoveryClient-InstanceInfoReplicator-%d] [                                                 ] com.netflix.discovery.DiscoveryClient    : DiscoveryClient_NOTIFICATIONSERVICE/DESKTOP-M6GPA6L:NotificationService:9096: registering service...
2025-08-15T14:48:05.136+05:30  INFO 20852 --- [NotificationService] [restartedMain] [                                                 ] o.s.b.w.embedded.tomcat.TomcatWebServer  : Tomcat started on port 9096 (http) with context path '/'
2025-08-15T14:48:05.137+05:30  INFO 20852 --- [NotificationService] [restartedMain] [                                                 ] .s.c.n.e.s.EurekaAutoServiceRegistration : Updating port to 9096
2025-08-15T14:48:05.164+05:30  INFO 20852 --- [NotificationService] [DiscoveryClient-InstanceInfoReplicator-%d] [                                                 ] com.netflix.discovery.DiscoveryClient    : DiscoveryClient_NOTIFICATIONSERVICE/DESKTOP-M6GPA6L:NotificationService:9096 - registration status: 204
2025-08-15T14:48:05.226+05:30  INFO 20852 --- [NotificationService] [restartedMain] [                                                 ] c.n.w.NotificationServiceApplication     : Started NotificationServiceApplication in 11.531 seconds (process running for 3117.845)
2025-08-15T14:48:05.242+05:30  INFO 20852 --- [NotificationService] [restartedMain] [                                                 ] .ConditionEvaluationDeltaLoggingListener : Condition evaluation delta:


==========================
CONDITION EVALUATION DELTA
==========================


Positive matches:
-----------------

   CachesEndpointAutoConfiguration#cachesEndpointWebExtension matched:
      - @ConditionalOnBean (types: org.springframework.boot.actuate.cache.CachesEndpoint; SearchStrategy: all) found bean 'cachesEndpoint'; @ConditionalOnMissingBean (types: org.springframework.boot.actuate.cache.CachesEndpointWebExtension; SearchStrategy: all) did not find any beans (OnBeanCondition)
      - @ConditionalOnAvailableEndpoint marked as exposed by a 'management.endpoints.web.exposure' property (OnAvailableEndpointCondition)

   CircuitBreakersHealthIndicatorAutoConfiguration#circuitBreakersHealthIndicator matched:
      - @ConditionalOnProperty (management.health.circuitbreakers.enabled) matched (OnPropertyCondition)
      - @ConditionalOnMissingBean (names: circuitBreakersHealthIndicator; SearchStrategy: all) did not find any beans (OnBeanCondition)

   ConfigurationPropertiesReportEndpointAutoConfiguration#configurationPropertiesReportEndpointWebExtension matched:
      - @ConditionalOnBean (types: org.springframework.boot.actuate.context.properties.ConfigurationPropertiesReportEndpoint; SearchStrategy: all) found bean 'configurationPropertiesReportEndpoint'; @ConditionalOnMissingBean (types: org.springframework.boot.actuate.context.properties.ConfigurationPropertiesReportEndpointWebExtension; SearchStrategy: all) did not find any beans (OnBeanCondition)
      - @ConditionalOnAvailableEndpoint marked as exposed by a 'management.endpoints.web.exposure' property (OnAvailableEndpointCondition)

   EnvironmentEndpointAutoConfiguration#environmentEndpointWebExtension matched:
      - @ConditionalOnBean (types: org.springframework.boot.actuate.env.EnvironmentEndpoint; SearchStrategy: all) found bean 'environmentEndpoint'; @ConditionalOnMissingBean (types: org.springframework.boot.actuate.env.EnvironmentEndpointWebExtension; SearchStrategy: all) did not find any beans (OnBeanCondition)
      - @ConditionalOnAvailableEndpoint marked as exposed by a 'management.endpoints.web.exposure' property (OnAvailableEndpointCondition)

   SbomEndpointAutoConfiguration#sbomEndpointWebExtension matched:
      - @ConditionalOnBean (types: org.springframework.boot.actuate.sbom.SbomEndpoint; SearchStrategy: all) found bean 'sbomEndpoint'; @ConditionalOnMissingBean (types: org.springframework.boot.actuate.sbom.SbomEndpointWebExtension; SearchStrategy: all) did not find any beans (OnBeanCondition)
      - @ConditionalOnAvailableEndpoint marked as exposed by a 'management.endpoints.web.exposure' property (OnAvailableEndpointCondition)


Negative matches:
-----------------

   CompatibilityVerifierAutoConfiguration:
      Did not match:
         - @ConditionalOnProperty (spring.cloud.compatibility-verifier.enabled) found different value in property 'spring.cloud.compatibility-verifier.enabled' (OnPropertyCondition)


Exclusions:
-----------

    None


Unconditional classes:
----------------------

    None



2025-08-15T14:48:06.081+05:30  WARN 20852 --- [NotificationService] [AsyncReporter{ZipkinHttpClientSender{http://localhost:9411/api/v2/spans}}] [                                                 ] z.r.i.AsyncReporter$BoundedAsyncReporter : Spans were dropped due to exceptions. All subsequent errors will be logged at FINE level.
2025-08-15T14:48:06.081+05:30  WARN 20852 --- [NotificationService] [AsyncReporter{ZipkinHttpClientSender{http://localhost:9411/api/v2/spans}}] [                                                 ] z.r.i.AsyncReporter$BoundedAsyncReporter : Dropped 2 spans due to ConnectException()

java.net.ConnectException: null
	at java.net.http/jdk.internal.net.http.HttpClientImpl.send(HttpClientImpl.java:952) ~[java.net.http:na]
	at java.net.http/jdk.internal.net.http.HttpClientFacade.send(HttpClientFacade.java:133) ~[java.net.http:na]
	at org.springframework.boot.actuate.autoconfigure.tracing.zipkin.ZipkinHttpClientSender.postSpans(ZipkinHttpClientSender.java:60) ~[spring-boot-actuator-autoconfigure-3.5.4.jar:3.5.4]
	at org.springframework.boot.actuate.autoconfigure.tracing.zipkin.HttpSender.postSpans(HttpSender.java:69) ~[spring-boot-actuator-autoconfigure-3.5.4.jar:3.5.4]
	at org.springframework.boot.actuate.autoconfigure.tracing.zipkin.HttpSender.postSpans(HttpSender.java:41) ~[spring-boot-actuator-autoconfigure-3.5.4.jar:3.5.4]
	at zipkin2.reporter.BaseHttpSender.send(BaseHttpSender.java:123) ~[zipkin-reporter-3.5.1.jar:na]
	at zipkin2.reporter.internal.AsyncReporter$BoundedAsyncReporter.flush(AsyncReporter.java:266) ~[zipkin-reporter-3.5.1.jar:na]
	at zipkin2.reporter.internal.AsyncReporter$Flusher.run(AsyncReporter.java:352) ~[zipkin-reporter-3.5.1.jar:na]
	at java.base/java.lang.Thread.run(Thread.java:1583) ~[na:na]
Caused by: java.net.ConnectException: null
	at java.net.http/jdk.internal.net.http.common.Utils.toConnectException(Utils.java:1041) ~[java.net.http:na]
	at java.net.http/jdk.internal.net.http.PlainHttpConnection.connectAsync(PlainHttpConnection.java:227) ~[java.net.http:na]
	at java.net.http/jdk.internal.net.http.PlainHttpConnection.checkRetryConnect(PlainHttpConnection.java:280) ~[java.net.http:na]
	at java.net.http/jdk.internal.net.http.PlainHttpConnection.lambda$connectAsync$2(PlainHttpConnection.java:238) ~[java.net.http:na]
	at java.base/java.util.concurrent.CompletableFuture.uniHandle(CompletableFuture.java:934) ~[na:na]
	at java.base/java.util.concurrent.CompletableFuture$UniHandle.tryFire(CompletableFuture.java:911) ~[na:na]
	at java.base/java.util.concurrent.CompletableFuture.postComplete(CompletableFuture.java:510) ~[na:na]
	at java.base/java.util.concurrent.CompletableFuture$AsyncSupply.run(CompletableFuture.java:1773) ~[na:na]
	at java.base/java.util.concurrent.ThreadPoolExecutor.runWorker(ThreadPoolExecutor.java:1144) ~[na:na]
	at java.base/java.util.concurrent.ThreadPoolExecutor$Worker.run(ThreadPoolExecutor.java:642) ~[na:na]
	... 1 common frames omitted
Caused by: java.nio.channels.ClosedChannelException: null
	at java.base/sun.nio.ch.SocketChannelImpl.ensureOpen(SocketChannelImpl.java:202) ~[na:na]
	at java.base/sun.nio.ch.SocketChannelImpl.beginConnect(SocketChannelImpl.java:786) ~[na:na]
	at java.base/sun.nio.ch.SocketChannelImpl.connect(SocketChannelImpl.java:874) ~[na:na]
	at java.net.http/jdk.internal.net.http.PlainHttpConnection.lambda$connectAsync$1(PlainHttpConnection.java:210) ~[java.net.http:na]
	at java.base/java.security.AccessController.doPrivileged(AccessController.java:571) ~[na:na]
	at java.net.http/jdk.internal.net.http.PlainHttpConnection.connectAsync(PlainHttpConnection.java:212) ~[java.net.http:na]
	... 9 common frames omitted

2025-08-15T14:50:29.504+05:30  INFO 20852 --- [NotificationService] [http-nio-9096-exec-1] [                                                 ] o.a.c.c.C.[Tomcat].[localhost].[/]       : Initializing Spring DispatcherServlet 'dispatcherServlet'
2025-08-15T14:50:29.514+05:30  INFO 20852 --- [NotificationService] [http-nio-9096-exec-1] [                                                 ] o.s.web.servlet.DispatcherServlet        : Initializing Servlet 'dispatcherServlet'
2025-08-15T14:50:29.586+05:30  INFO 20852 --- [NotificationService] [http-nio-9096-exec-1] [                                                 ] o.s.web.servlet.DispatcherServlet        : Completed initialization in 71 ms
2025-08-15T14:53:04.910+05:30  INFO 20852 --- [NotificationService] [AsyncResolver-bootstrap-executor-%d] [                                                 ] c.n.d.s.r.aws.ConfigClusterResolver      : Resolving eureka endpoints via configuration
2025-08-15T14:58:04.936+05:30  INFO 20852 --- [NotificationService] [AsyncResolver-bootstrap-executor-%d] [                                                 ] c.n.d.s.r.aws.ConfigClusterResolver      : Resolving eureka endpoints via configuration
2025-08-15T15:03:04.973+05:30  INFO 20852 --- [NotificationService] [AsyncResolver-bootstrap-executor-%d] [                                                 ] c.n.d.s.r.aws.ConfigClusterResolver      : Resolving eureka endpoints via configuration
2025-08-15T15:08:05.000+05:30  INFO 20852 --- [NotificationService] [AsyncResolver-bootstrap-executor-%d] [                                                 ] c.n.d.s.r.aws.ConfigClusterResolver      : Resolving eureka endpoints via configuration
2025-08-15T15:08:48.762+05:30  INFO 20852 --- [NotificationService] [File Watcher] [                                                 ] rtingClassPathChangeChangedEventListener : Restarting due to 1 class path change (1 addition, 0 deletions, 0 modifications)
2025-08-15T15:08:48.810+05:30  INFO 20852 --- [NotificationService] [Thread-13] [                                                 ] o.s.c.n.e.s.EurekaServiceRegistry        : Unregistering application NOTIFICATIONSERVICE with eureka with status DOWN
2025-08-15T15:08:48.813+05:30  INFO 20852 --- [NotificationService] [Thread-13] [                                                 ] com.netflix.discovery.DiscoveryClient    : Saw local status change event StatusChangeEvent [timestamp=1755250728812, current=DOWN, previous=UP]
2025-08-15T15:08:48.815+05:30  INFO 20852 --- [NotificationService] [DiscoveryClient-InstanceInfoReplicator-%d] [                                                 ] com.netflix.discovery.DiscoveryClient    : DiscoveryClient_NOTIFICATIONSERVICE/DESKTOP-M6GPA6L:NotificationService:9096: registering service...
2025-08-15T15:08:48.899+05:30  INFO 20852 --- [NotificationService] [Thread-13] [                                                 ] o.s.b.w.e.tomcat.GracefulShutdown        : Commencing graceful shutdown. Waiting for active requests to complete
2025-08-15T15:08:48.927+05:30  INFO 20852 --- [NotificationService] [DiscoveryClient-InstanceInfoReplicator-%d] [                                                 ] com.netflix.discovery.DiscoveryClient    : DiscoveryClient_NOTIFICATIONSERVICE/DESKTOP-M6GPA6L:NotificationService:9096 - registration status: 204
2025-08-15T15:08:48.929+05:30  INFO 20852 --- [NotificationService] [tomcat-shutdown] [                                                 ] o.s.b.w.e.tomcat.GracefulShutdown        : Graceful shutdown complete
2025-08-15T15:08:49.001+05:30  INFO 20852 --- [NotificationService] [Thread-13] [                                                 ] j.LocalContainerEntityManagerFactoryBean : Closing JPA EntityManagerFactory for persistence unit 'default'
2025-08-15T15:08:49.030+05:30  INFO 20852 --- [NotificationService] [Thread-13] [                                                 ] com.zaxxer.hikari.HikariDataSource       : HikariPool-3 - Shutdown initiated...
2025-08-15T15:08:49.100+05:30  INFO 20852 --- [NotificationService] [Thread-13] [                                                 ] com.zaxxer.hikari.HikariDataSource       : HikariPool-3 - Shutdown completed.
2025-08-15T15:08:49.482+05:30  INFO 20852 --- [NotificationService] [Thread-13] [                                                 ] com.netflix.discovery.DiscoveryClient    : Shutting down DiscoveryClient ...
2025-08-15T15:08:52.491+05:30  INFO 20852 --- [NotificationService] [Thread-13] [                                                 ] com.netflix.discovery.DiscoveryClient    : Unregistering ...
2025-08-15T15:08:52.515+05:30  INFO 20852 --- [NotificationService] [Thread-13] [                                                 ] com.netflix.discovery.DiscoveryClient    : DiscoveryClient_NOTIFICATIONSERVICE/DESKTOP-M6GPA6L:NotificationService:9096 - deregister  status: 200
2025-08-15T15:08:52.516+05:30  INFO 20852 --- [NotificationService] [Thread-13] [                                                 ] com.netflix.discovery.DiscoveryClient    : Completed shut down of DiscoveryClient
2025-08-15T15:08:57.443+05:30  INFO 20852 --- [NotificationService] [restartedMain] [                                                 ] c.n.w.NotificationServiceApplication     : Starting NotificationServiceApplication using Java 21.0.7 with PID 20852 (C:\Users\Nikhila Kadaveru\eclipse-workspace\BloodDonarProject\NotificationService\target\classes started by Nikhila Kadaveru in C:\Users\Nikhila Kadaveru\eclipse-workspace\BloodDonarProject\NotificationService)
2025-08-15T15:08:57.444+05:30  INFO 20852 --- [NotificationService] [restartedMain] [                                                 ] c.n.w.NotificationServiceApplication     : No active profile set, falling back to 1 default profile: "default"
2025-08-15T15:08:57.452+05:30  INFO 20852 --- [NotificationService] [restartedMain] [                                                 ] o.s.c.c.c.ConfigServerConfigDataLoader   : Fetching config from server at : http://localhost:9091
2025-08-15T15:08:57.452+05:30  INFO 20852 --- [NotificationService] [restartedMain] [                                                 ] o.s.c.c.c.ConfigServerConfigDataLoader   : Located environment: name=NotificationService, profiles=[default], label=null, version=96800b8590db13d3e98a8c6becc9c5a26d8514aa, state=
2025-08-15T15:08:59.548+05:30  INFO 20852 --- [NotificationService] [restartedMain] [                                                 ] .s.d.r.c.RepositoryConfigurationDelegate : Bootstrapping Spring Data JPA repositories in DEFAULT mode.
2025-08-15T15:08:59.591+05:30  INFO 20852 --- [NotificationService] [restartedMain] [                                                 ] .s.d.r.c.RepositoryConfigurationDelegate : Finished Spring Data repository scanning in 31 ms. Found 1 JPA repository interface.
2025-08-15T15:08:59.953+05:30  INFO 20852 --- [NotificationService] [restartedMain] [                                                 ] o.s.cloud.context.scope.GenericScope     : BeanFactory id=89ac3c03-7d18-3b3a-8832-50db2f30be2b
2025-08-15T15:09:00.646+05:30  INFO 20852 --- [NotificationService] [restartedMain] [                                                 ] o.s.b.w.embedded.tomcat.TomcatWebServer  : Tomcat initialized with port 9096 (http)
2025-08-15T15:09:00.650+05:30  INFO 20852 --- [NotificationService] [restartedMain] [                                                 ] o.apache.catalina.core.StandardService   : Starting service [Tomcat]
2025-08-15T15:09:00.651+05:30  INFO 20852 --- [NotificationService] [restartedMain] [                                                 ] o.apache.catalina.core.StandardEngine    : Starting Servlet engine: [Apache Tomcat/10.1.43]
2025-08-15T15:09:00.767+05:30  INFO 20852 --- [NotificationService] [restartedMain] [                                                 ] o.a.c.c.C.[Tomcat].[localhost].[/]       : Initializing Spring embedded WebApplicationContext
2025-08-15T15:09:00.767+05:30  INFO 20852 --- [NotificationService] [restartedMain] [                                                 ] w.s.c.ServletWebServerApplicationContext : Root WebApplicationContext: initialization completed in 3315 ms
2025-08-15T15:09:01.789+05:30  INFO 20852 --- [NotificationService] [restartedMain] [                                                 ] o.hibernate.jpa.internal.util.LogHelper  : HHH000204: Processing PersistenceUnitInfo [name: default]
2025-08-15T15:09:01.799+05:30  INFO 20852 --- [NotificationService] [restartedMain] [                                                 ] o.h.c.internal.RegionFactoryInitiator    : HHH000026: Second-level cache disabled
2025-08-15T15:09:01.835+05:30  INFO 20852 --- [NotificationService] [restartedMain] [                                                 ] o.s.o.j.p.SpringPersistenceUnitInfo      : No LoadTimeWeaver setup: ignoring JPA class transformer
2025-08-15T15:09:01.838+05:30  INFO 20852 --- [NotificationService] [restartedMain] [                                                 ] com.zaxxer.hikari.HikariDataSource       : HikariPool-4 - Starting...
2025-08-15T15:09:01.921+05:30  INFO 20852 --- [NotificationService] [restartedMain] [                                                 ] com.zaxxer.hikari.pool.HikariPool        : HikariPool-4 - Added connection com.mysql.cj.jdbc.ConnectionImpl@62db8ad3
2025-08-15T15:09:01.923+05:30  INFO 20852 --- [NotificationService] [restartedMain] [                                                 ] com.zaxxer.hikari.HikariDataSource       : HikariPool-4 - Start completed.
2025-08-15T15:09:01.930+05:30  WARN 20852 --- [NotificationService] [restartedMain] [                                                 ] org.hibernate.orm.deprecation            : HHH90000025: MySQLDialect does not need to be specified explicitly using 'hibernate.dialect' (remove the property setting and it will be selected by default)
2025-08-15T15:09:01.931+05:30  INFO 20852 --- [NotificationService] [restartedMain] [                                                 ] org.hibernate.orm.connections.pooling    : HHH10001005: Database info:
	Database JDBC URL [Connecting through datasource 'HikariDataSource (HikariPool-4)']
	Database driver: undefined/unknown
	Database version: 8.0.43
	Autocommit mode: undefined/unknown
	Isolation level: undefined/unknown
	Minimum pool size: undefined/unknown
	Maximum pool size: undefined/unknown
2025-08-15T15:09:02.148+05:30  INFO 20852 --- [NotificationService] [restartedMain] [                                                 ] o.h.e.t.j.p.i.JtaPlatformInitiator       : HHH000489: No JTA platform available (set 'hibernate.transaction.jta.platform' to enable JTA platform integration)
2025-08-15T15:09:02.320+05:30  INFO 20852 --- [NotificationService] [restartedMain] [                                                 ] j.LocalContainerEntityManagerFactoryBean : Initialized JPA EntityManagerFactory for persistence unit 'default'
2025-08-15T15:09:03.058+05:30  WARN 20852 --- [NotificationService] [restartedMain] [                                                 ] JpaBaseConfiguration$JpaWebConfiguration : spring.jpa.open-in-view is enabled by default. Therefore, database queries may be performed during view rendering. Explicitly configure spring.jpa.open-in-view to disable this warning
2025-08-15T15:09:03.329+05:30  WARN 20852 --- [NotificationService] [restartedMain] [                                                 ] o.s.b.d.a.OptionalLiveReloadServer       : Unable to start LiveReload server
2025-08-15T15:09:03.401+05:30  INFO 20852 --- [NotificationService] [restartedMain] [                                                 ] o.s.c.openfeign.FeignClientFactoryBean   : For 'RequestBloodService' URL not provided. Will try picking an instance via load-balancing.
2025-08-15T15:09:06.089+05:30  INFO 20852 --- [NotificationService] [RMI TCP Connection(99)-127.0.0.1] [                                                 ] inMXBeanRegistrar$SpringApplicationAdmin : Application shutdown requested.
2025-08-15T15:09:06.528+05:30  INFO 20852 --- [NotificationService] [restartedMain] [                                                 ] DiscoveryClientOptionalArgsConfiguration : Eureka HTTP Client uses RestTemplate.
2025-08-15T15:09:06.635+05:30  WARN 20852 --- [NotificationService] [restartedMain] [                                                 ] iguration$LoadBalancerCaffeineWarnLogger : Spring Cloud LoadBalancer is currently working with the default cache. While this cache implementation is useful for development and tests, it's recommended to use Caffeine cache in production.You can switch to using Caffeine cache, by adding it and org.springframework.cache.caffeine.CaffeineCacheManager to the classpath.
2025-08-15T15:09:06.696+05:30  INFO 20852 --- [NotificationService] [restartedMain] [                                                 ] o.s.b.a.e.web.EndpointLinksResolver      : Exposing 27 endpoints beneath base path '/actuator'
2025-08-15T15:09:06.838+05:30  INFO 20852 --- [NotificationService] [restartedMain] [                                                 ] o.s.c.n.eureka.InstanceInfoFactory       : Setting initial instance status as: STARTING
2025-08-15T15:09:06.851+05:30  INFO 20852 --- [NotificationService] [restartedMain] [                                                 ] com.netflix.discovery.DiscoveryClient    : Initializing Eureka in region us-east-1
2025-08-15T15:09:06.851+05:30  INFO 20852 --- [NotificationService] [restartedMain] [                                                 ] c.n.d.s.r.aws.ConfigClusterResolver      : Resolving eureka endpoints via configuration
2025-08-15T15:09:06.853+05:30  INFO 20852 --- [NotificationService] [restartedMain] [                                                 ] com.netflix.discovery.DiscoveryClient    : Disable delta property : false
2025-08-15T15:09:06.853+05:30  INFO 20852 --- [NotificationService] [restartedMain] [                                                 ] com.netflix.discovery.DiscoveryClient    : Single vip registry refresh property : null
2025-08-15T15:09:06.853+05:30  INFO 20852 --- [NotificationService] [restartedMain] [                                                 ] com.netflix.discovery.DiscoveryClient    : Force full registry fetch : false
2025-08-15T15:09:06.853+05:30  INFO 20852 --- [NotificationService] [restartedMain] [                                                 ] com.netflix.discovery.DiscoveryClient    : Application is null : false
2025-08-15T15:09:06.854+05:30  INFO 20852 --- [NotificationService] [restartedMain] [                                                 ] com.netflix.discovery.DiscoveryClient    : Registered Applications size is zero : true
2025-08-15T15:09:06.854+05:30  INFO 20852 --- [NotificationService] [restartedMain] [                                                 ] com.netflix.discovery.DiscoveryClient    : Application version is -1: true
2025-08-15T15:09:06.854+05:30  INFO 20852 --- [NotificationService] [restartedMain] [                                                 ] com.netflix.discovery.DiscoveryClient    : Getting all instance registry info from the eureka server
2025-08-15T15:09:06.962+05:30  INFO 20852 --- [NotificationService] [restartedMain] [                                                 ] com.netflix.discovery.DiscoveryClient    : The response status is 200
2025-08-15T15:09:06.962+05:30  INFO 20852 --- [NotificationService] [restartedMain] [                                                 ] com.netflix.discovery.DiscoveryClient    : Starting heartbeat executor: renew interval is: 30
2025-08-15T15:09:06.964+05:30  INFO 20852 --- [NotificationService] [restartedMain] [                                                 ] c.n.discovery.InstanceInfoReplicator     : InstanceInfoReplicator onDemand update allowed rate per min is 4
2025-08-15T15:09:06.964+05:30  INFO 20852 --- [NotificationService] [restartedMain] [                                                 ] com.netflix.discovery.DiscoveryClient    : Discovery Client initialized at timestamp 1755250746964 with initial instances count: 5
2025-08-15T15:09:06.991+05:30  INFO 20852 --- [NotificationService] [restartedMain] [                                                 ] o.s.c.n.e.s.EurekaServiceRegistry        : Registering application NOTIFICATIONSERVICE with eureka with status UP
2025-08-15T15:09:06.992+05:30  INFO 20852 --- [NotificationService] [restartedMain] [                                                 ] com.netflix.discovery.DiscoveryClient    : Saw local status change event StatusChangeEvent [timestamp=1755250746992, current=UP, previous=STARTING]
2025-08-15T15:09:06.992+05:30  INFO 20852 --- [NotificationService] [DiscoveryClient-InstanceInfoReplicator-%d] [                                                 ] com.netflix.discovery.DiscoveryClient    : DiscoveryClient_NOTIFICATIONSERVICE/DESKTOP-M6GPA6L:NotificationService:9096: registering service...
2025-08-15T15:09:07.000+05:30  INFO 20852 --- [NotificationService] [restartedMain] [                                                 ] o.s.b.w.embedded.tomcat.TomcatWebServer  : Tomcat started on port 9096 (http) with context path '/'
2025-08-15T15:09:07.002+05:30  INFO 20852 --- [NotificationService] [restartedMain] [                                                 ] .s.c.n.e.s.EurekaAutoServiceRegistration : Updating port to 9096
2025-08-15T15:09:07.038+05:30  INFO 20852 --- [NotificationService] [restartedMain] [                                                 ] c.n.w.NotificationServiceApplication     : Started NotificationServiceApplication in 13.827 seconds (process running for 4379.657)
2025-08-15T15:09:07.038+05:30  INFO 20852 --- [NotificationService] [RMI TCP Connection(99)-127.0.0.1] [                                                 ] o.s.c.n.e.s.EurekaServiceRegistry        : Unregistering application NOTIFICATIONSERVICE with eureka with status DOWN
2025-08-15T15:09:07.039+05:30  INFO 20852 --- [NotificationService] [RMI TCP Connection(99)-127.0.0.1] [                                                 ] com.netflix.discovery.DiscoveryClient    : Saw local status change event StatusChangeEvent [timestamp=1755250747038, current=DOWN, previous=UP]
2025-08-15T15:09:07.039+05:30  INFO 20852 --- [NotificationService] [DiscoveryClient-InstanceInfoReplicator-%d] [                                                 ] com.netflix.discovery.DiscoveryClient    : DiscoveryClient_NOTIFICATIONSERVICE/DESKTOP-M6GPA6L:NotificationService:9096 - registration status: 204
2025-08-15T15:09:07.040+05:30  INFO 20852 --- [NotificationService] [DiscoveryClient-InstanceInfoReplicator-%d] [                                                 ] com.netflix.discovery.DiscoveryClient    : DiscoveryClient_NOTIFICATIONSERVICE/DESKTOP-M6GPA6L:NotificationService:9096: registering service...
2025-08-15T15:09:07.041+05:30  INFO 20852 --- [NotificationService] [RMI TCP Connection(99)-127.0.0.1] [                                                 ] o.s.b.w.e.tomcat.GracefulShutdown        : Commencing graceful shutdown. Waiting for active requests to complete
2025-08-15T15:09:07.046+05:30  INFO 20852 --- [NotificationService] [restartedMain] [                                                 ] .ConditionEvaluationDeltaLoggingListener : Condition evaluation unchanged
2025-08-15T15:09:07.053+05:30  INFO 20852 --- [NotificationService] [DiscoveryClient-InstanceInfoReplicator-%d] [                                                 ] com.netflix.discovery.DiscoveryClient    : DiscoveryClient_NOTIFICATIONSERVICE/DESKTOP-M6GPA6L:NotificationService:9096 - registration status: 204
2025-08-15T15:09:07.060+05:30  INFO 20852 --- [NotificationService] [tomcat-shutdown] [                                                 ] o.s.b.w.e.tomcat.GracefulShutdown        : Graceful shutdown complete
2025-08-15T15:09:07.074+05:30  INFO 20852 --- [NotificationService] [RMI TCP Connection(99)-127.0.0.1] [                                                 ] j.LocalContainerEntityManagerFactoryBean : Closing JPA EntityManagerFactory for persistence unit 'default'
2025-08-15T15:09:07.075+05:30  INFO 20852 --- [NotificationService] [RMI TCP Connection(99)-127.0.0.1] [                                                 ] com.zaxxer.hikari.HikariDataSource       : HikariPool-4 - Shutdown initiated...
2025-08-15T15:09:07.085+05:30  INFO 20852 --- [NotificationService] [RMI TCP Connection(99)-127.0.0.1] [                                                 ] com.zaxxer.hikari.HikariDataSource       : HikariPool-4 - Shutdown completed.
2025-08-15T15:09:07.974+05:30  INFO 20852 --- [NotificationService] [RMI TCP Connection(99)-127.0.0.1] [                                                 ] com.netflix.discovery.DiscoveryClient    : Shutting down DiscoveryClient ...
